
> dev
> next dev

 ⚠ Port 3000 is in use, trying 3001 instead.
 ⚠ Port 3001 is in use, trying 3002 instead.
 ⚠ Port 3002 is in use, trying 3003 instead.
 ⚠ Port 3003 is in use, trying 3004 instead.
   ▲ Next.js 15.2.2
   - Local:        http://localhost:3004
   - Network:      http://91.107.227.241:3004

 ✓ Starting...
Attention: Next.js now collects completely anonymous telemetry regarding usage.
This information is used to shape Next.js' roadmap and prioritize features.
You can learn more, including how to opt-out if you'd not like to participate in this anonymous program, by visiting the following URL:
https://nextjs.org/telemetry

 ✓ Ready in 1329ms
 ○ Compiling / ...
 ✓ Compiled / in 8.6s (1593 modules)
 GET / 200 in 4717ms
 ✓ Compiled /api/validate-hash in 334ms (235 modules)
 POST /api/validate-hash 400 in 363ms
 GET / 200 in 310ms
 POST /api/validate-hash 400 in 5ms
 GET / 200 in 241ms
 POST /api/validate-hash 500 in 7ms
 ○ Compiling /_error ...
 ✓ Compiled /_error in 2s (1790 modules)
 GET /shellcode_pls.woff?_=0 404 in 2305ms
 GET / 200 in 246ms
 POST /api/validate-hash 400 in 10ms
 GET / 200 in 215ms
 POST /api/validate-hash 500 in 3ms
 GET / 200 in 206ms
 GET / 200 in 207ms
 GET / 200 in 217ms
 GET / 200 in 213ms
 POST /api/validate-hash 500 in 5ms
 POST /api/validate-hash 400 in 4ms
 GET / 200 in 217ms
 POST /api/validate-hash 500 in 1094ms
 HEAD / 200 in 231ms
 GET / 200 in 217ms
 POST /api/validate-hash 500 in 5ms
   Reload env: .env
 ✓ Compiled in 341ms (1608 modules)
   Reload env: .env
 ✓ Compiled in 251ms (1608 modules)
 GET / 200 in 295ms
 POST /api/validate-hash 200 in 18ms
 ⚠ The "images.domains" configuration is deprecated. Please use "images.remotePatterns" configuration instead.
 ✓ Compiled /api/user/register in 428ms (242 modules)
 POST /api/user/register 200 in 1215ms
 ✓ Compiled /api/user in 109ms (244 modules)
body {
  token: 'user=%7B%22id%22%3A1737091686%2C%22first_name%22%3A%22Jacques%22%2C%22last_name%22%3A%22Vella%20Critien%20%7C%20Simply%20Staking%22%2C%22username%22%3A%22jacquesvcritien%22%2C%22language_code%22%3A%22en%22%2C%22allows_write_to_pm%22%3Atrue%2C%22photo_url%22%3A%22https%3A%5C%2F%5C%2Ft.me%5C%2Fi%5C%2Fuserpic%5C%2F320%5C%2FmHf_5xd3SUOfw9TPu2jrN75QsuUbwCqBQYRL5g29dSE.svg%22%7D&chat_instance=-6614104760230512682&chat_type=private&auth_date=1742987471&signature=MvjTL2mf9lumsdJnt12xWBlC6svIFPMvxH4kN7A7NiH8ZFpcfbND5D9-8PNZazmq-B7qltwpIgusYkK9MN2YDg&hash=c75e24d72eabc347d9979360fdc3738508bde9a2981ae37fe783b142c3db7fc4'
}
 POST /api/user 200 in 560ms
 ✓ Compiled /api/favorites/list in 68ms (246 modules)
 POST /api/favorites/list 200 in 502ms
 ✓ Compiled /api/viewings/list in 85ms (248 modules)
 POST /api/viewings/list 200 in 492ms
 ✓ Compiled /api/user/listings in 66ms (250 modules)
 GET /api/user/listings?token=user%3D%257B%2522id%2522%253A1737091686%252C%2522first_name%2522%253A%2522Jacques%2522%252C%2522last_name%2522%253A%2522Vella%2520Critien%2520%257C%2520Simply%2520Staking%2522%252C%2522username%2522%253A%2522jacquesvcritien%2522%252C%2522language_code%2522%253A%2522en%2522%252C%2522allows_write_to_pm%2522%253Atrue%252C%2522photo_url%2522%253A%2522https%253A%255C%252F%255C%252Ft.me%255C%252Fi%255C%252Fuserpic%255C%252F320%255C%252FmHf_5xd3SUOfw9TPu2jrN75QsuUbwCqBQYRL5g29dSE.svg%2522%257D%26chat_instance%3D-6614104760230512682%26chat_type%3Dprivate%26auth_date%3D1742987471%26signature%3DMvjTL2mf9lumsdJnt12xWBlC6svIFPMvxH4kN7A7NiH8ZFpcfbND5D9-8PNZazmq-B7qltwpIgusYkK9MN2YDg%26hash%3Dc75e24d72eabc347d9979360fdc3738508bde9a2981ae37fe783b142c3db7fc4 200 in 439ms
 ✓ Compiled /api/alert/list in 74ms (252 modules)
 GET /api/alert/list?token=user%3D%257B%2522id%2522%253A1737091686%252C%2522first_name%2522%253A%2522Jacques%2522%252C%2522last_name%2522%253A%2522Vella%2520Critien%2520%257C%2520Simply%2520Staking%2522%252C%2522username%2522%253A%2522jacquesvcritien%2522%252C%2522language_code%2522%253A%2522en%2522%252C%2522allows_write_to_pm%2522%253Atrue%252C%2522photo_url%2522%253A%2522https%253A%255C%252F%255C%252Ft.me%255C%252Fi%255C%252Fuserpic%255C%252F320%255C%252FmHf_5xd3SUOfw9TPu2jrN75QsuUbwCqBQYRL5g29dSE.svg%2522%257D%26chat_instance%3D-6614104760230512682%26chat_type%3Dprivate%26auth_date%3D1742987471%26signature%3DMvjTL2mf9lumsdJnt12xWBlC6svIFPMvxH4kN7A7NiH8ZFpcfbND5D9-8PNZazmq-B7qltwpIgusYkK9MN2YDg%26hash%3Dc75e24d72eabc347d9979360fdc3738508bde9a2981ae37fe783b142c3db7fc4 200 in 461ms
 GET / 200 in 337ms
 POST /api/validate-hash 200 in 10ms
 POST /api/user/register 200 in 61ms
body {
  token: 'user=%7B%22id%22%3A1737091686%2C%22first_name%22%3A%22Jacques%22%2C%22last_name%22%3A%22Vella%20Critien%20%7C%20Simply%20Staking%22%2C%22username%22%3A%22jacquesvcritien%22%2C%22language_code%22%3A%22en%22%2C%22allows_write_to_pm%22%3Atrue%2C%22photo_url%22%3A%22https%3A%5C%2F%5C%2Ft.me%5C%2Fi%5C%2Fuserpic%5C%2F320%5C%2FmHf_5xd3SUOfw9TPu2jrN75QsuUbwCqBQYRL5g29dSE.svg%22%7D&chat_instance=-6614104760230512682&chat_type=private&auth_date=1742987250&signature=ED0cxIVRGHz436f-gehbLw9ZXA4-zZPj784_gCJWtEk-JO6WwcTCqdu1JwHT4riLeGdEMWIHAV6Our3-o-fICA&hash=798114136118c87bc525be69808a30161f0bbbda2679c6d5dcabe70f6be7346f'
}
 POST /api/user 200 in 45ms
 POST /api/favorites/list 200 in 41ms
 POST /api/viewings/list 200 in 39ms
 GET /api/user/listings?token=user%3D%257B%2522id%2522%253A1737091686%252C%2522first_name%2522%253A%2522Jacques%2522%252C%2522last_name%2522%253A%2522Vella%2520Critien%2520%257C%2520Simply%2520Staking%2522%252C%2522username%2522%253A%2522jacquesvcritien%2522%252C%2522language_code%2522%253A%2522en%2522%252C%2522allows_write_to_pm%2522%253Atrue%252C%2522photo_url%2522%253A%2522https%253A%255C%252F%255C%252Ft.me%255C%252Fi%255C%252Fuserpic%255C%252F320%255C%252FmHf_5xd3SUOfw9TPu2jrN75QsuUbwCqBQYRL5g29dSE.svg%2522%257D%26chat_instance%3D-6614104760230512682%26chat_type%3Dprivate%26auth_date%3D1742987250%26signature%3DED0cxIVRGHz436f-gehbLw9ZXA4-zZPj784_gCJWtEk-JO6WwcTCqdu1JwHT4riLeGdEMWIHAV6Our3-o-fICA%26hash%3D798114136118c87bc525be69808a30161f0bbbda2679c6d5dcabe70f6be7346f 200 in 46ms
 GET /api/alert/list?token=user%3D%257B%2522id%2522%253A1737091686%252C%2522first_name%2522%253A%2522Jacques%2522%252C%2522last_name%2522%253A%2522Vella%2520Critien%2520%257C%2520Simply%2520Staking%2522%252C%2522username%2522%253A%2522jacquesvcritien%2522%252C%2522language_code%2522%253A%2522en%2522%252C%2522allows_write_to_pm%2522%253Atrue%252C%2522photo_url%2522%253A%2522https%253A%255C%252F%255C%252Ft.me%255C%252Fi%255C%252Fuserpic%255C%252F320%255C%252FmHf_5xd3SUOfw9TPu2jrN75QsuUbwCqBQYRL5g29dSE.svg%2522%257D%26chat_instance%3D-6614104760230512682%26chat_type%3Dprivate%26auth_date%3D1742987250%26signature%3DED0cxIVRGHz436f-gehbLw9ZXA4-zZPj784_gCJWtEk-JO6WwcTCqdu1JwHT4riLeGdEMWIHAV6Our3-o-fICA%26hash%3D798114136118c87bc525be69808a30161f0bbbda2679c6d5dcabe70f6be7346f 200 in 39ms
 GET / 200 in 220ms
 POST /api/validate-hash 200 in 5ms
 POST /api/user/register 200 in 43ms
body {
  token: 'user=%7B%22id%22%3A1737091686%2C%22first_name%22%3A%22Jacques%22%2C%22last_name%22%3A%22Vella%20Critien%20%7C%20Simply%20Staking%22%2C%22username%22%3A%22jacquesvcritien%22%2C%22language_code%22%3A%22en%22%2C%22allows_write_to_pm%22%3Atrue%2C%22photo_url%22%3A%22https%3A%5C%2F%5C%2Ft.me%5C%2Fi%5C%2Fuserpic%5C%2F320%5C%2FmHf_5xd3SUOfw9TPu2jrN75QsuUbwCqBQYRL5g29dSE.svg%22%7D&chat_instance=-6614104760230512682&chat_type=private&auth_date=1742987471&signature=MvjTL2mf9lumsdJnt12xWBlC6svIFPMvxH4kN7A7NiH8ZFpcfbND5D9-8PNZazmq-B7qltwpIgusYkK9MN2YDg&hash=c75e24d72eabc347d9979360fdc3738508bde9a2981ae37fe783b142c3db7fc4'
}
 POST /api/user 200 in 36ms
 POST /api/favorites/list 200 in 37ms
 POST /api/viewings/list 200 in 38ms
 GET /api/user/listings?token=user%3D%257B%2522id%2522%253A1737091686%252C%2522first_name%2522%253A%2522Jacques%2522%252C%2522last_name%2522%253A%2522Vella%2520Critien%2520%257C%2520Simply%2520Staking%2522%252C%2522username%2522%253A%2522jacquesvcritien%2522%252C%2522language_code%2522%253A%2522en%2522%252C%2522allows_write_to_pm%2522%253Atrue%252C%2522photo_url%2522%253A%2522https%253A%255C%252F%255C%252Ft.me%255C%252Fi%255C%252Fuserpic%255C%252F320%255C%252FmHf_5xd3SUOfw9TPu2jrN75QsuUbwCqBQYRL5g29dSE.svg%2522%257D%26chat_instance%3D-6614104760230512682%26chat_type%3Dprivate%26auth_date%3D1742987471%26signature%3DMvjTL2mf9lumsdJnt12xWBlC6svIFPMvxH4kN7A7NiH8ZFpcfbND5D9-8PNZazmq-B7qltwpIgusYkK9MN2YDg%26hash%3Dc75e24d72eabc347d9979360fdc3738508bde9a2981ae37fe783b142c3db7fc4 304 in 39ms
 GET /api/alert/list?token=user%3D%257B%2522id%2522%253A1737091686%252C%2522first_name%2522%253A%2522Jacques%2522%252C%2522last_name%2522%253A%2522Vella%2520Critien%2520%257C%2520Simply%2520Staking%2522%252C%2522username%2522%253A%2522jacquesvcritien%2522%252C%2522language_code%2522%253A%2522en%2522%252C%2522allows_write_to_pm%2522%253Atrue%252C%2522photo_url%2522%253A%2522https%253A%255C%252F%255C%252Ft.me%255C%252Fi%255C%252Fuserpic%255C%252F320%255C%252FmHf_5xd3SUOfw9TPu2jrN75QsuUbwCqBQYRL5g29dSE.svg%2522%257D%26chat_instance%3D-6614104760230512682%26chat_type%3Dprivate%26auth_date%3D1742987471%26signature%3DMvjTL2mf9lumsdJnt12xWBlC6svIFPMvxH4kN7A7NiH8ZFpcfbND5D9-8PNZazmq-B7qltwpIgusYkK9MN2YDg%26hash%3Dc75e24d72eabc347d9979360fdc3738508bde9a2981ae37fe783b142c3db7fc4 304 in 48ms
 GET / 200 in 217ms
 POST /api/validate-hash 400 in 4ms
 GET / 200 in 219ms

> dev
> next dev

 ⚠ Port 3000 is in use, trying 3001 instead.
 ⚠ Port 3001 is in use, trying 3002 instead.
 ⚠ Port 3002 is in use, trying 3003 instead.
 ⚠ Port 3003 is in use, trying 3004 instead.
   ▲ Next.js 15.2.2
   - Local:        http://localhost:3004
   - Network:      http://91.107.227.241:3004
   - Environments: .env

 ✓ Starting...
 ✓ Ready in 1702ms
